<?xml version="1.0" encoding="UTF-8"?>
<testng-results ignored="0" total="6" passed="6" failed="0" skipped="0">
  <reporter-output>
  </reporter-output>
  <suite started-at="2019-04-10T02:58:01Z" name="Default suite" finished-at="2019-04-10T02:58:01Z" duration-ms="31">
    <groups>
    </groups>
    <test started-at="2019-04-10T02:58:01Z" name="Default test" finished-at="2019-04-10T02:58:01Z" duration-ms="31">
      <class name="qaclickacademy.AppiumTest">
        <test-method signature="IOSApps()[pri:0, instance:qaclickacademy.AppiumTest@4e3958e7]" started-at="2019-04-10T02:58:01Z" name="IOSApps" finished-at="2019-04-10T02:58:01Z" duration-ms="0" status="PASS">
          <reporter-output>
          </reporter-output>
        </test-method> <!-- IOSApps -->
        <test-method signature="NativeAPpAndroid()[pri:0, instance:qaclickacademy.AppiumTest@4e3958e7]" started-at="2019-04-10T02:58:01Z" name="NativeAPpAndroid" finished-at="2019-04-10T02:58:01Z" duration-ms="0" status="PASS">
          <reporter-output>
          </reporter-output>
        </test-method> <!-- NativeAPpAndroid -->
      </class> <!-- qaclickacademy.AppiumTest -->
      <class name="qaclickacademy.RESTAPITest">
        <test-method signature="postJira()[pri:0, instance:qaclickacademy.RESTAPITest@58ea606c]" started-at="2019-04-10T02:58:01Z" name="postJira" finished-at="2019-04-10T02:58:01Z" duration-ms="0" status="PASS">
          <reporter-output>
          </reporter-output>
        </test-method> <!-- postJira -->
        <test-method signature="deleteTwitter()[pri:0, instance:qaclickacademy.RESTAPITest@58ea606c]" started-at="2019-04-10T02:58:01Z" name="deleteTwitter" finished-at="2019-04-10T02:58:01Z" duration-ms="0" status="PASS">
          <reporter-output>
          </reporter-output>
        </test-method> <!-- deleteTwitter -->
      </class> <!-- qaclickacademy.RESTAPITest -->
      <class name="qaclickacademy.SeleniumTest">
        <test-method signature="elementsUi()[pri:0, instance:qaclickacademy.SeleniumTest@6f45df59]" started-at="2019-04-10T02:58:01Z" name="elementsUi" finished-at="2019-04-10T02:58:01Z" duration-ms="0" status="PASS">
          <reporter-output>
          </reporter-output>
        </test-method> <!-- elementsUi -->
        <test-method signature="BrowserAUtomation()[pri:0, instance:qaclickacademy.SeleniumTest@6f45df59]" started-at="2019-04-10T02:58:01Z" name="BrowserAUtomation" finished-at="2019-04-10T02:58:01Z" duration-ms="0" status="PASS">
          <reporter-output>
          </reporter-output>
        </test-method> <!-- BrowserAUtomation -->
      </class> <!-- qaclickacademy.SeleniumTest -->
    </test> <!-- Default test -->
  </suite> <!-- Default suite -->
</testng-results>
